<?xml version="1.0" encoding="UTF-8" ?>
<testsuite failures="0" time="0.003" errors="0" skipped="0" tests="1" name="com.spring.redis.AppTest">
  <properties>
    <property name="java.runtime.name" value="Java(TM) SE Runtime Environment"/>
    <property name="sun.boot.library.path" value="C:\Program Files (x86)\Java\jdk1.7.0_13\jre\bin"/>
    <property name="java.vm.version" value="23.7-b01"/>
    <property name="java.vm.vendor" value="Oracle Corporation"/>
    <property name="maven.multiModuleProjectDirectory" value="E:\myProject\stuDemo\spring-redis-aop-master"/>
    <property name="java.vendor.url" value="http://java.oracle.com/"/>
    <property name="path.separator" value=";"/>
    <property name="guice.disable.misplaced.annotation.check" value="true"/>
    <property name="java.vm.name" value="Java HotSpot(TM) Client VM"/>
    <property name="file.encoding.pkg" value="sun.io"/>
    <property name="user.script" value=""/>
    <property name="user.country" value="CN"/>
    <property name="sun.java.launcher" value="SUN_STANDARD"/>
    <property name="sun.os.patch.level" value="Service Pack 1"/>
    <property name="java.vm.specification.name" value="Java Virtual Machine Specification"/>
    <property name="user.dir" value="E:\myProject\stuDemo\spring-redis-aop-master"/>
    <property name="java.runtime.version" value="1.7.0_13-b20"/>
    <property name="java.awt.graphicsenv" value="sun.awt.Win32GraphicsEnvironment"/>
    <property name="java.endorsed.dirs" value="C:\Program Files (x86)\Java\jdk1.7.0_13\jre\lib\endorsed"/>
    <property name="os.arch" value="x86"/>
    <property name="java.io.tmpdir" value="C:\Users\ADMINI~1\AppData\Local\Temp\"/>
    <property name="line.separator" value="
"/>
    <property name="java.vm.specification.vendor" value="Oracle Corporation"/>
    <property name="user.variant" value=""/>
    <property name="os.name" value="Windows 7"/>
    <property name="classworlds.conf" value="E:\FYKJ_WX\workspace\.metadata\.plugins\org.eclipse.m2e.launching\launches\m2conf2288618734756364669.tmp"/>
    <property name="sun.jnu.encoding" value="GBK"/>
    <property name="java.library.path" value="C:\Program Files (x86)\Java\jdk1.7.0_13\bin;C:\Windows\Sun\Java\bin;C:\Windows\system32;C:\Windows;C:\Program Files (x86)\Java\jdk1.7.0_13\jre\bin;e:\app\client\product\11.2.0\client_1\bin;e:\app\oracle\product\11.2.0\client_1;d:\app\oracle\product\11.2.0\client_1;e:\app\oracle\product\11.2.0\dbhome_1\bin;C:\Program Files (x86)\Common Files\NetSarang;C:\Windows/system32;C:\Windows;E:\app\oralce\client\product\11.2.0\client_1\bin;C:\Program Files (x86)\Java\jdk1.6.0_10;E:\Program Files\TortoiseSVN\bin;C:\Windows\system32;C:\Windows\system32\wbem;C:\VisualSVN Server\bin;C:\Program Files\Intel\WiFi\bin\;C:\Program Files\Common Files\Intel\WirelessCommon\;D:\Tools\bin;D:\Tools\Git\cmd;D:\Tools\;C:\Windows\System32\Wbem;D:\Tools\CTEX\UserData\miktex\bin;D:\Tools\CTEX\MiKTeX\miktex\bin;D:\Tools\CTEX\CTeX\ctex\bin;D:\Tools\CTEX\CTeX\cct\bin;D:\Tools\CTEX\CTeX\ty\bin;D:\Tools\CTEX\Ghostscript\gs9.05\bin;D:\Tools\CTEX\GSview\gsview;D:\Tools\CTEX\WinEdt;C:\Windows/system32;C:\Windows;C:\Program Files\Intel\WiFi\bin\;C:\Program Files (x86)\Java\jdk1.7.0_13\bin;D:\maven\bin;D:\apache-tomcat-6.0.29\bin;C:\Python25;C:\Python25\Scripts;C:\GnuWin32\bin;C:\GnuWin32\bin;C:\Tomcat 7.0\bin;C:\VisualSVN Server\bin;E:\submit\apache-ant-1.9.1\bin;D:\Tools\ffmpeg\bin;E:\submit\liferay\liferay-portal-6.2-ce-ga4\tomcat-7.0.42\bin;E:\liferay-portal-6.2-ce-ga5\tomcat-7.0.62\bin;E:\Android\sdk\tools;D:\Tools\gradle-2.13\bin;C:\Program Files\Intel\WiFi\bin\;C:\Program Files\Common Files\Intel\WirelessCommon\;C:\Users\Administrator\AppData\Roaming\npm;."/>
    <property name="java.specification.name" value="Java Platform API Specification"/>
    <property name="java.class.version" value="51.0"/>
    <property name="sun.management.compiler" value="HotSpot Client Compiler"/>
    <property name="os.version" value="6.1"/>
    <property name="user.home" value="C:\Users\Administrator"/>
    <property name="user.timezone" value="Asia/Shanghai"/>
    <property name="java.awt.printerjob" value="sun.awt.windows.WPrinterJob"/>
    <property name="java.specification.version" value="1.7"/>
    <property name="file.encoding" value="GBK"/>
    <property name="user.name" value="Administrator"/>
    <property name="java.class.path" value="/E:/WXKJ/eclipse/plugins/org.eclipse.m2e.maven.runtime_1.6.0.20150526-2031/jars/plexus-classworlds-2.5.2.jar"/>
    <property name="java.vm.specification.version" value="1.7"/>
    <property name="sun.arch.data.model" value="32"/>
    <property name="java.home" value="C:\Program Files (x86)\Java\jdk1.7.0_13\jre"/>
    <property name="sun.java.command" value="org.codehaus.plexus.classworlds.launcher.Launcher -B -s E:\FYKJ_WX\settings.xml clean install"/>
    <property name="java.specification.vendor" value="Oracle Corporation"/>
    <property name="user.language" value="zh"/>
    <property name="awt.toolkit" value="sun.awt.windows.WToolkit"/>
    <property name="java.vm.info" value="mixed mode"/>
    <property name="java.version" value="1.7.0_13"/>
    <property name="java.ext.dirs" value="C:\Program Files (x86)\Java\jdk1.7.0_13\jre\lib\ext;C:\Windows\Sun\Java\lib\ext"/>
    <property name="sun.boot.class.path" value="C:\Program Files (x86)\Java\jdk1.7.0_13\jre\lib\resources.jar;C:\Program Files (x86)\Java\jdk1.7.0_13\jre\lib\rt.jar;C:\Program Files (x86)\Java\jdk1.7.0_13\jre\lib\sunrsasign.jar;C:\Program Files (x86)\Java\jdk1.7.0_13\jre\lib\jsse.jar;C:\Program Files (x86)\Java\jdk1.7.0_13\jre\lib\jce.jar;C:\Program Files (x86)\Java\jdk1.7.0_13\jre\lib\charsets.jar;C:\Program Files (x86)\Java\jdk1.7.0_13\jre\lib\jfr.jar;C:\Program Files (x86)\Java\jdk1.7.0_13\jre\classes"/>
    <property name="java.vendor" value="Oracle Corporation"/>
    <property name="maven.home" value="E:\myProject\stuDemo\spring-redis-aop-master\EMBEDDED"/>
    <property name="file.separator" value="\"/>
    <property name="java.vendor.url.bug" value="http://bugreport.sun.com/bugreport/"/>
    <property name="sun.cpu.endian" value="little"/>
    <property name="sun.io.unicode.encoding" value="UnicodeLittle"/>
    <property name="sun.desktop" value="windows"/>
    <property name="sun.cpu.isalist" value="pentium_pro+mmx pentium_pro pentium+mmx pentium i486 i386 i86"/>
  </properties>
  <testcase time="0.003" classname="com.spring.redis.AppTest" name="testApp"/>
</testsuite>